


 PROGRAM MNDO2019.
 VERSION 8.0 OF 15 AUGUST 2019.

 COPYRIGHT BY WALTER THIEL,
 MAX-PLANCK-INSTITUT FUER KOHLENFORSCHUNG,
 D-45470 MUELHEIM, GERMANY.


 ***** STANDARD INPUT USING KEYWORDS *****

 IOP    =   -6     JOP    =   -2     IGEOM  =    1     IFORM  =    1     IEF    =    1
 ICUTS  =   -1     ICUTG  =   -1     ISCF   =    9     IPLSCF =    9     IPRINT =    1
 MPRINT =    5     IPREC  =  100     IMULT  =    1     KITSCF = 2000     KCI    =    5
 ICI1   =   10     ICI2   =    8     IOUTCI =    1     MOVO   =    0     NCIREF =    3
 MCIREF =    0     LEVEXC =    2     IROOT  =    3     IUVCD  =    2     IMOMAP =    1
 NCIGRD =    3     ICROSS =    7


 DSTEP  =  0.0000  DPREC  =  0.0000


 ***********************************************************************
 * INPUT OF OPTIONS VIA KEYWORDS
 * NUMBER OF MNDO97 KEYWORDS FOUND: 27
 * MOPAC KEYWORDS NOT FOUND: IMOPAC=-1
 ***********************************************************************



 *** OPTIONS FROM THE FIRST LINE OF INPUT    ***
 *** DEFINED EITHER EXPLICITLY OR BY DEFAULT ***

 LIMIT  =    0     IOP    =   -6     JOP    =   -2     IGEOM  =    1     IFORM  =    1
 NEXMOL =    1     MPLIB  =    0     IEF    =    1     IDIIS  =    0     INREFD =    0
 IPAROK =    0     MMINP  =    0     NMR    =    0     NSAV7  =    0     NSAV8  =    0
 NSAV9  =    0     NSAV13 =    0     NSAV15 =    0     NSAV16 =    0     IMMOK  =    0
 IHBOND =    0     IFLD1  =    0     IFLD2  =    0     IFLD3  =    0     ICUTS  =   -1
 ICUTG  =   -1     IEXBAS =    0     ICOSMO =    0     IPSANA =    0     IMMDP  =   -1
 INAC   =    0



 OM2    

 GRADIENT CALCULATION FOR INPUT GEOMETRY

 EIGENVECTOR FOLLOWING IN GEOMETRY OPTIMIZATION

 INPUT IN CARTESIAN COORDINATES

 INPUT OF MOLECULAR DATA IN FREE FORMAT



 *** OPTIONS FROM THE SECOND LINE OF INPUT   ***
 *** DEFINED EITHER EXPLICITLY OR BY DEFAULT ***


 MAXEND =    0     MAXLIN =    4     MAXRTL = 9999     ISCF   =    9     IPLSCF =    9
 MIDDLE =    0     IPRINT =    1     KPRINT =    0     LPRINT =    0     MPRINT =    5
 JPRINT =    0     IPREC  =  100     ICONV  =    0     IHESS  =    0     IDFP   =    0
 NREPET =    3     LINITG =   10     LCONVG =   10     LGDUM  =    0     IHDLC1 =    0
 IHDLC2 =    0     IHDLC3 =    0     INGEOM =    0     INTDIR =    0     LINDMS =    0
 LINDIA =    0     LINFRG =    0     INPFRG =    0     INP21  =    0     INP22  =    0
 INP23  =    0     INP24  =    0     INP25  =    0     IATERG =    1



 auto-generated                                                                  
                                                                                 


     INPUT GEOMETRY


      ATOM      ATOMIC              X-COORDINATE         Y-COORDINATE         Z-COORDINATE
     NUMBER     NUMBER               (ANGSTROMS)          (ANGSTROMS)          (ANGSTROMS)

        1          6                  -5.44852             -0.12441             -0.57974  
        2          1                  -5.19913             -0.43446             -1.59877  
        3          1                  -6.24844             -0.53000              0.02652  
        4          6                  -3.98835              1.69123              0.50614  
        5          1                  -2.89958              1.79648              0.36667  
        6          1                 -10.83657              2.28443              5.42108  
        7          8                  -4.56471              0.68045             -0.10127  



     **********

     *  VARIABLES TO BE OPTIMIZED, OF WHICH THERE ARE   0



     INITIAL INTERATOMIC DISTANCES (ANGSTROMS)


             1           2           3           4           5           6           7
 ----------------------------------------------------------------------------------------
   1      0.00000
   2      1.09396     0.00000
   3      1.08256     1.93694     0.00000
   4      2.57055     3.22726     3.20499     0.00000
   5      3.32905     3.75873     4.09184     1.10270     0.00000
   6      8.41686     9.40486     7.62058     8.45025     9.42237     0.00000
   7      1.28757     1.97181     2.07761     1.31256     2.05844     8.50913     0.00000



 MOLECULAR CHARGE         0
 NUMBER OF ELECTRONS     18
 DOUBLY OCCUPIED MOS      8
 ONE ELECTRON IN MO       9
 ONE ELECTRON IN MO      10
 MULTIPLICITY             1


 *** OPTIONS FOR THE MOLECULE UNDER STUDY    ***
 *** DEFINED EITHER EXPLICITLY OR BY DEFAULT ***

 KHARGE =    0     IMULT  =    1     KTRIAL =    0     KGEOM  =    0     IPUBO  =    0
 IUHF   =    0     KITSCF = 2000     NPRINT =    0     IFAST  =    0     IDIAG  =    0
 KSYM   =    0     NUMSYM =    0     KCI    =    5     NSTART =    4     NSTEP  =    4

 INGUGA: ICI2 RESET FROM   8 TO   6



 *** OPTIONS FOR THE GUGA-CI CALCULATIONS    ***
 *** DEFINED EITHER EXPLICITLY OR BY DEFAULT ***

 ICI1   =   10     ICI2   =    6     IOUTCI =    1     MOVO   =    0     MPERT  =    0
 NCIREF =    3     MCIREF =    0     LEVEXC =    2     IROOT  =    3     LROOT  =    1
 CICHG  =    0     MULTCI =    1     NCISYM =    0     CIDIR  =    1     CIDIAG =    0
 IUVCD  =    2     IMCD   =    0     IPOP   =    0     CIPLOT =    0     CILEAD = 1000
 JCI1   =    0     JCI2   =    0     PIPOP  = 4000     INATUR =    0     CISELT =   85
 IMOMAP =    1     GUG157 =    0     KEEPCI =    0     NCIGRD =    3     ICROSS =    7
 MINDAV =    0     MAXDAV =    0     KITDAV =    0     NRMDAV =    7     MAXMAP =    5
 MAPTHR =   90     NCONJ  =    0     GUG168 =    0     GUG169 =    0     GUG170 =    0



 ORBITALS INCLUDED IN THE ACTIVE CI SPACE.
 THE NUMBERING REFERS TO THE SCF SOLUTION.

 MOS        1   2   3   4   5   6   7   8   9  10  11  12  13  14  15  16

 MOSYM      0   0   0   0   0   0   0   0   0   0   0   0   0   0   0   0



 REFERENCE CONFIGURATIONS FOR GUGA-CI.
 OCCUPATION NUMBERS FOR THE ACTIVE ORBITALS.

 REF  1     2   2   2   2   2   2   2   2   2   0   0   0   0   0   0   0

 REF  2     2   2   2   2   2   2   2   2   1   1   0   0   0   0   0   0

 REF  3     2   2   2   2   2   2   2   2   0   2   0   0   0   0   0   0



 *** OPTIONS FOR MULTIPLE SURFACE CALCULATION ***


 NUMBER OF CI GRADIENT VECTORS COMPUTED:    3
 LABELS OF THE ASSOCIATE CI STATES:      1  2  3

 ANALYTICAL GRADIENT SELECTED BY DEFAULT.

 CHKANA: IPSANA =  1, ISKPA = -3, ISKPAF =  0




 -----------------------------------------------------------------------
 CI CALCULATION FOR STATE:  1
 -----------------------------------------------------------------------



     auto-generated                                                                  
                                                                                     



     EIGENVALUES AND EIGENVECTORS.


                         1           2           3           4           5           6           7           8           9

                    -39.13556   -24.75874   -19.96080   -17.80405   -16.49488   -15.43374   -12.96590    -9.03428    -6.20748

  1  C (1)   s        0.22663     0.62636    -0.48880     0.01329     0.02797    -0.09167     0.01478    -0.00103    -0.00000
  2  C (1)   x        0.09309     0.04357     0.22782    -0.28151    -0.15778     0.22813     0.30870    -0.18305     0.00000
  3  C (1)   y        0.08607     0.01111     0.19563     0.01790     0.28124     0.33047    -0.00374     0.21197     0.00000
  4  C (1)   z        0.05132     0.01121     0.08886     0.43297    -0.20526     0.21542    -0.39295    -0.17870    -0.00000

  5  H (2)   s        0.04045     0.19498    -0.23216    -0.25436     0.06164    -0.21102     0.40483     0.12673     0.00000

  6  H (3)   s        0.03295     0.18645    -0.28342     0.24322    -0.05058    -0.16236    -0.40144    -0.09780     0.00000

  7  C (4)   s        0.20112    -0.47082    -0.58460    -0.01187     0.02589     0.32534     0.15603    -0.39104    -0.00000
  8  C (4)   x       -0.05094    -0.01178    -0.13691    -0.22931    -0.27150     0.24238    -0.21711     0.46339     0.00000
  9  C (4)   y       -0.10154     0.10208    -0.04716    -0.07823     0.13510     0.28798    -0.04251    -0.33937    -0.00000
 10  C (4)   z       -0.06263     0.07140    -0.00788     0.13626    -0.16953     0.13221     0.25509    -0.17135     0.00000

 11  H (5)   s        0.03392    -0.15238    -0.29660    -0.14266    -0.13738     0.34604    -0.13192     0.46924     0.00000

 12  H (6)   s        0.00000     0.00000    -0.00000     0.00000    -0.00000    -0.00000    -0.00000    -0.00000     1.00000

 13  O (7)   s        0.93193    -0.05358     0.21722    -0.01176    -0.02803    -0.06327    -0.04935     0.04601     0.00000
 14  O (7)   x       -0.01586    -0.31773    -0.05655    -0.38637    -0.41903    -0.47641    -0.23188    -0.17323    -0.00000
 15  O (7)   y        0.00506    -0.35397    -0.14069     0.07987     0.65045    -0.26485    -0.09099     0.15146    -0.00000
 16  O (7)   z        0.00381    -0.20759    -0.08854     0.59614    -0.32716    -0.16484     0.45253     0.27671     0.00000



                        10          11          12          13          14          15          16
                     -3.80041     1.54680     1.69240     3.55959     5.06762     5.58535     8.78677

  1  C (1)   s        0.03595     0.07289    -0.45720     0.22626     0.02233    -0.03907    -0.19736
  2  C (1)   x       -0.44429     0.30073    -0.14127    -0.26063     0.29334     0.19747    -0.38959
  3  C (1)   y        0.58492    -0.21154    -0.21276    -0.36242     0.21497    -0.12146    -0.31010
  4  C (1)   z       -0.25358     0.12128    -0.11127    -0.21334    -0.23515    -0.55643    -0.15872

  5  H (2)   s       -0.09530    -0.12727     0.36802    -0.45389    -0.20696    -0.45141    -0.01179

  6  H (3)   s        0.02930     0.02712     0.42310    -0.41999     0.35186     0.36824    -0.09282

  7  C (4)   s        0.10793     0.01189    -0.14461    -0.18006    -0.09846     0.08118     0.17553
  8  C (4)   x        0.02815     0.09355     0.02839    -0.10775    -0.58166     0.34674    -0.22602
  9  C (4)   y       -0.14931    -0.59160     0.30817     0.31758    -0.10788     0.04423    -0.41360
 10  C (4)   z        0.46619     0.53218     0.42306     0.28412    -0.04498    -0.11422    -0.23743

 11  H (5)   s       -0.18350     0.01653     0.18339     0.26312     0.50460    -0.31073     0.05590

 12  H (6)   s       -0.00000    -0.00000    -0.00000     0.00000    -0.00000    -0.00000     0.00000

 13  O (7)   s        0.00402    -0.05954     0.20602     0.12788    -0.08657     0.04438     0.01229
 14  O (7)   x        0.23314    -0.11673    -0.14264     0.03556     0.11558    -0.19531    -0.34482
 15  O (7)   y       -0.19761     0.29752     0.01953     0.09272    -0.07807    -0.02412    -0.42525
 16  O (7)   z       -0.07605    -0.28250    -0.08024     0.02321     0.04533     0.12913    -0.25849




     SCF HEAT OF FORMATION      141.67801 KCAL/MOL
     SCF BINDING ENERGY         -20.29739 EV
     SCF TOTAL ENERGY          -638.30724 EV
     ELECTRONIC ENERGY        -1454.59364 EV
     NUCLEAR ENERGY             816.28640 EV
     IONIZATION ENERGY           10.22441 EV
     IONIZATION ENERGY (2)       10.35291 EV
     HALF ELECTRON TERM          -5.28471 EV
     INTEGRAL J11                12.84800 EV
     INTEGRAL J22                 8.29086 EV
     INTEGRAL K12                 0.00000 EV
     SCF CYCLES                  30



     NET ATOMIC CHARGES AND ORBITAL POPULATIONS.

     ATOM    I        CHARGE      DENSITY        S          PX          PY          PZ

      C      1       -0.18917     4.18917     1.38568     0.89231     0.90089     1.01030
      H      2        0.21787     0.78213     0.78213
      H      3        0.24921     0.75079     0.75079
      C      4        0.20448     3.79552     1.78722     0.93759     0.51677     0.55394
      H      5       -0.05147     1.05147     1.05147
      H      6        0.00000     1.00000     1.00000
      O      7       -0.43092     6.43092     1.85607     1.53437     1.39093     1.64956



     DIPOLE              X           Y           Z         TOTAL

     POINT-CHARGE    -1.72184    -1.16747    -0.49852     2.13921
     HYBRID           0.89885    -0.64612    -0.48514     1.20862
     SUM             -0.82299    -1.81359    -0.98366     2.22126


     POINT GROUP C1. NO SYMMETRY.



    MO     EIGENVALUE     LABEL   NSYM  IMOSYM     OCC.    ACTIVE

     1      -39.13556      A        1      1     2.00000      2
     2      -24.75874      A        1      2     2.00000      2
     3      -19.96080      A        1      3     2.00000      2
     4      -17.80405      A        1      4     2.00000      2
     5      -16.49488      A        1      5     2.00000      2
     6      -15.43374      A        1      6     2.00000      2
     7      -12.96590      A        1      7     2.00000      2
     8       -9.03428      A        1      8     2.00000      2
     9       -6.20748      A        1      9     1.00000      1
    10       -3.80041      A        1     10     1.00000      1
    11        1.54680      A        1     11     0.00000      0
    12        1.69240      A        1     12     0.00000      0
    13        3.55959      A        1     13     0.00000      0
    14        5.06762      A        1     14     0.00000      0
    15        5.58535      A        1     15     0.00000      0
    16        8.78677      A        1     16     0.00000      0



 REFERENCE CONFIGURATIONS

    1   2   3   4   5   6   7   8   9  10  11  12  13  14  15  16
    A   A   A   A   A   A   A   A   A   A   A   A   A   A   A   A
    2   2   2   2   2   2   2   2   2   0   0   0   0   0   0   0
    2   2   2   2   2   2   2   2   1   1   0   0   0   0   0   0
    2   2   2   2   2   2   2   2   0   2   0   0   0   0   0   0


 Point group used in GUGA-CI calculation:  C1


 There are      6700 CI basis functions of symmetry A   (1).
 There are      6700 CI basis functions in the CI problem.
 There are      6700 CI basis functions represented by the DRT.


 Reference configurations and corresponding GUGA-CI many-electron basis functions:

               1   2   3   4   5   6   7   8   9  10  11  12  13  14  15  16
 Ref.      1   2   2   2   2   2   2   2   2   2   0   0   0   0   0   0   0
 CSF       1  ab  ab  ab  ab  ab  ab  ab  ab  ab   -   -   -   -   -   -   -

               1   2   3   4   5   6   7   8   9  10  11  12  13  14  15  16
 Ref.      2   2   2   2   2   2   2   2   2   1   1   0   0   0   0   0   0
 CSF       2  ab  ab  ab  ab  ab  ab  ab  ab   a   b   -   -   -   -   -   -

               1   2   3   4   5   6   7   8   9  10  11  12  13  14  15  16
 Ref.      3   2   2   2   2   2   2   2   2   0   2   0   0   0   0   0   0
 CSF      11  ab  ab  ab  ab  ab  ab  ab  ab   -  ab   -   -   -   -   -   -

 Orbital level separating upper and lower part of the DRT:   9

 Total number of upper partial loops:          7694
 Total number of lower partial loops:         22619
 Total number of complete one-body loops:       687
 Total number of complete two-body loops:      9177
 
 ==========================================================
 
 Results of CI calculation:
 
 Correlation energy for CI root   1:         -6.60418520 eV
 Total energy:                             -639.62671532 eV
 Electronic energy:                       -1455.91311473 eV
 Nuclear energy:                            816.28639941 eV
 

 ---------------------------------------------------------------
 State  1,  Mult. 1,  E-E(1)=  0.000000 eV,  E=   -639.626715 eV
 ---------------------------------------------------------------

   -638.31      0.948724       2     1   2   3   4   5   6   7   8   9  10  11  12  13  14  15  16
                                    ab  ab  ab  ab  ab  ab  ab  ab   a   b   -   -   -   -   -   -
 
   -633.74     -0.135448      66     1   2   3   4   5   6   7   8   9  10  11  12  13  14  15  16
                                    ab  ab  ab  ab  ab  ab  ab   a   b   a   b   -   -   -   -   -
 

 ---------------------------------------------------------------
 State  2,  Mult. 1,  E-E(1)=  1.431727 eV,  E=   -638.194988 eV
 ---------------------------------------------------------------

   -635.55      0.660009      12     1   2   3   4   5   6   7   8   9  10  11  12  13  14  15  16
                                    ab  ab  ab  ab  ab  ab  ab   a   b  ab   -   -   -   -   -   -
 
   -635.65     -0.530190      56     1   2   3   4   5   6   7   8   9  10  11  12  13  14  15  16
                                    ab  ab  ab  ab  ab  ab  ab  ab   a   -   b   -   -   -   -   -
 
   -633.74      0.301234      66     1   2   3   4   5   6   7   8   9  10  11  12  13  14  15  16
                                    ab  ab  ab  ab  ab  ab  ab   a   b   a   b   -   -   -   -   -
 
   -634.94     -0.242239     110     1   2   3   4   5   6   7   8   9  10  11  12  13  14  15  16
                                    ab  ab  ab  ab  ab  ab  ab   a   a   b   b   -   -   -   -   -
 
   -632.15     -0.189549     219     1   2   3   4   5   6   7   8   9  10  11  12  13  14  15  16
                                    ab  ab  ab  ab  ab  ab  ab   a   b   -  ab   -   -   -   -   -
 
   -638.31      0.145334       2     1   2   3   4   5   6   7   8   9  10  11  12  13  14  15  16
                                    ab  ab  ab  ab  ab  ab  ab  ab   a   b   -   -   -   -   -   -
 
   -631.67     -0.143492     154     1   2   3   4   5   6   7   8   9  10  11  12  13  14  15  16
                                    ab  ab  ab  ab  ab  ab  ab   -   a  ab   b   -   -   -   -   -
 

 ---------------------------------------------------------------
 State  3,  Mult. 1,  E-E(1)=  1.886028 eV,  E=   -637.740687 eV
 ---------------------------------------------------------------

   -636.22      0.867155     371     1   2   3   4   5   6   7   8   9  10  11  12  13  14  15  16
                                    ab  ab  ab  ab  ab  ab  ab  ab   a   -   -   b   -   -   -   -
 
   -633.75      0.239458     425     1   2   3   4   5   6   7   8   9  10  11  12  13  14  15  16
                                    ab  ab  ab  ab  ab  ab  ab   a   a   b   -   b   -   -   -   -
 
   -635.65     -0.199062      56     1   2   3   4   5   6   7   8   9  10  11  12  13  14  15  16
                                    ab  ab  ab  ab  ab  ab  ab  ab   a   -   b   -   -   -   -   -
 
   -631.25      0.129247    1057     1   2   3   4   5   6   7   8   9  10  11  12  13  14  15  16
                                    ab  ab  ab  ab  ab  ab  ab   a   a   b   -   -   b   -   -   -
 
   -634.02      0.116271    1003     1   2   3   4   5   6   7   8   9  10  11  12  13  14  15  16
                                    ab  ab  ab  ab  ab  ab  ab  ab   a   -   -   -   b   -   -   -
 
   -633.64     -0.102108     381     1   2   3   4   5   6   7   8   9  10  11  12  13  14  15  16
                                    ab  ab  ab  ab  ab  ab  ab   a   b   a   -   b   -   -   -   -
 



 Using basis sets ECP-3G (first-row elements) and ECP-4G (second-row
 elements) for the evaluation spectroscopic observables.


 AO basis set for the evaluation of spectroscopic observables:

                                          0
  1   1   1    0.4839096916E+01    0.1543289673E+00
  1   1   2    0.8814475439E+00    0.5353281423E+00
  1   1   3    0.2385541045E+00    0.4446345422E+00

                                          0                   1
  6   1   1    0.5335867171E+01   -0.1918800000E+00    0.2025900000E+00
  6   1   2    0.1093759362E+01    0.6162800000E+00    0.5583000000E+00
  6   1   3    0.2918440087E+00    0.5489600000E+00    0.4551400000E+00

                                          0                   1
  8   1   1    0.1152778066E+02   -0.1924800000E+00    0.2415800000E+00
  8   1   2    0.2405781781E+01    0.6695200000E+00    0.5589000000E+00
  8   1   3    0.6188395415E+00    0.5027000000E+00    0.4316000000E+00



 State dipole moments:

   #    Symmetry       eV         cm-1     mu_r(x)/D   mu_r(y)/D   mu_r(z)/D    |mu_r|/D     phi/deg   theta/deg
   1     A   (1)    0.000000        0.00   -1.251291   -1.394519   -0.600480    1.967483   -131.9014    107.7703
   2     A   (1)    1.431727    11547.66   -0.334285   -0.890848   -0.530527    1.089411   -110.5683    119.1426
   3     A   (1)    1.886028    15211.84   -0.170291   -0.924777   -0.398599    1.021319   -100.4337    112.9718



 Properties of transitions   1 -> #:

   #    Symmetry       eV         cm-1        nm        f_r         f_p         f_rp        R/DBM
   2     A   (1)    1.431727    11547.66    865.98    0.001392    0.013894    0.000578   -0.100829
   3     A   (1)    1.886028    15211.84    657.38    0.002224    0.527717    0.022691    1.179241



 Dipole-length electric dipole transition moments   1 -> #:

   #    Symmetry       eV         cm-1     mu_r(x)/D   mu_r(y)/D   mu_r(z)/D    |mu_r|/D     phi/deg   theta/deg
   2     A   (1)    1.431727    11547.66   -0.505473   -0.001476    0.030624    0.506402   -179.8326     86.5330
   3     A   (1)    1.886028    15211.84    0.305113   -0.060518   -0.462788    0.557610    -11.2188    146.0935



 Dipole-velocity electric dipole transition moments   1 -> #:

   #    Symmetry       eV         cm-1     mu_p(x)/D   mu_p(y)/D   mu_p(z)/D    |mu_p|/D     phi/deg   theta/deg
   2     A   (1)    1.431727    11547.66   -0.282621   -0.977308   -1.234489    1.599677   -106.1290    140.5078
   3     A   (1)    1.886028    15211.84    5.144053   -6.355406   -2.632903    8.589799    -51.0134    107.8493



 Magnetic dipole transition moments   1 -> #:

   #    Symmetry       eV         cm-1      m(x)/iBM    m(y)/iBM    m(z)/iBM      |m|/BM     phi/deg   theta/deg
   2     A   (1)    1.431727    11547.66   -0.012972    0.213543   -0.247762    0.327345     93.4763    139.1902
   3     A   (1)    1.886028    15211.84   -0.131757    0.637730   -1.348913    1.497874    101.6733    154.2307




 CI HEAT OF FORMATION       111.25029 KCAL/MOL

 CI DERIVATIVES ARE COMPUTED WITH: 
 NCIO   =       16 NCIC  =        1 ICIMOD =        6 ( GUGA-CI            ) 
 NCIGAM =     9316 NCIFS =        1 NCIES  =        1

  FASTEST AVAILABLE PROFILE ( 67) WITH EXPECTED EXECUTION TIME OF         0.52 SECONDS
 REQUIRES        42583 WORDS OF MEMORY AND            0 WORDS OF DISK SPACE

 SMALLEST AVAILABLE PROFILE ( 67) WITH EXPECTED EXECUTION TIME OF         0.52 SECONDS
 REQUIRES        42583 WORDS OF MEMORY AND            0 WORDS OF DISK SPACE

 SELECTED PROFILE  67 WITH EXPECTED EXECUTION TIME             0.521 SECONDS 
 ESTIMATED NUMBER OF CPHF ITERATIONS PER VARIABLE:    16
 MEMORY REQUIRED    :     42583 WORDS
  SETTING UP TOOK                                 0.000 SECONDS (EXPECTED          0.025)
  INTEGRALS TOOK                                  0.004 SECONDS (EXPECTED          0.482)
  Z-VECTOR RHS TOOK                               0.002 SECONDS (EXPECTED          0.010)
 USING CONSTANT SHIFT VALUE OF -.61773738837229E-01 A.U.
 USING CONSTANT SHIFT VALUE OF -.24991464413929     A.U.
 USING CONSTANT SHIFT VALUE OF -.98475910576247E-01 A.U.
  SHIFT TOOK                                      0.000 SECONDS (EXPECTED          0.001)
  CONDITIONER TOOK                                0.000 SECONDS (EXPECTED          0.000)
 USING LOCALLY ORTHOGONAL GENCG SOLVER.    1 EQUATIONS WILL BE SOLVED AT ONCE. 
   15 BASIS VECTORS WILL BE USED AS A STABILIZATION TRAIL.
 CPHF SOLUTION FOR VARIABLE     0 CONVERGED AFTER    13 ITERATIONS (ERR = 0.443446E-08)
 ITERATIVE SOLVER STATISTICS:
     CALLS TO SOLVER                                                1.
     LINEAR EQUATIONS SOLVED                                        1.
     ITERATIONS MADE                                               13.
     MAXIMUM ITERATIONS MADE FOR A BATCH OF RHS                    13.
     RESPONSE VECTORS COMPUTED                                     13.
     AVERAGE RESPONSE VECTORS PER VARIABLE                  13.0000000
     BASIS VECTORS REJECTED BY SVD                                  0.
     BASIS VECTORS REMOVED DUE TO MEMORY CONSTRAINTS                0.
     MAXIMUM NUMBER OF BASIS VECTORS USED                          13.

     DDOTs COMPUTED                                               455.
     DAXPYs COMPUTED                                              286.
     AUXILIARY LINEAR SYSTEMS SOLVED                               13.
     RESIDUALS CONPUTED                                            26.
     ORTHOGONALIZATION PROBLEMS SOLVED                             12.
     DEFECTIVE ORTHOGONALIZATIONS ENCOUNTERED                       0.
     SVD CALLS MADE                                                 0.
     SVD CUMULATIVE COMPLEXITY                                      0.
     BASIS SPACE COMPACTIONS                                        0.
     BASIS VECTORS REMOVED BY SHARED BASIS CONSTRAINTS              0.
  CPHF SOLUTION TOOK                              0.000 SECONDS (EXPECTED          0.002)
  Z-VECTOR MO TO AO TOOK                          0.000 SECONDS (EXPECTED          0.000)
  SUMMATION TOOK                                  0.001 SECONDS (EXPECTED          0.000)
  TOTAL TIME FOR ANALYTICAL DERIVATIVES           0.008 SECONDS (EXPECTED          0.521)



     TIME FOR ENERGY EVALUATION       0.601 SECONDS
     TIME FOR GRADIENT EVALUATION     0.008 SECONDS



                          COORDINATES (ANGSTROM)               GRADIENTS (KCAL/(MOL*ANGSTROM))

        I   NI          X           Y           Z                X           Y           Z

        1    6        -5.44851568E+00     -1.24406570E-01     -5.79738160E-01           1.82638400E+01      1.66696247E+01      2.28124276E+01
        2    1        -5.19913464E+00     -4.34461460E-01     -1.59876577E+00           8.54858086E+00      8.52648085E+00      1.38043669E+01
        3    1        -6.24844335E+00     -5.30002710E-01      2.65240900E-02           6.69429868E+00      2.93653797E+00     -9.17166460E+00
        4    6        -3.98834930E+00      1.69123017E+00      5.06136810E-01           7.64956136E+01     -2.61742185E+01     -2.56166317E+01
        5    1        -2.89957532E+00      1.79648060E+00      3.66672730E-01          -5.58094852E+01      1.37369977E+01      1.67584614E+01
        6    1        -1.08365742E+01      2.28442656E+00      5.42108089E+00           1.42425986E-08     -6.92623045E-09      5.79949976E-09
        7    8        -4.56471008E+00      6.80448250E-01     -1.01265090E-01          -5.41928475E+01     -1.56954227E+01     -1.85869592E+01


     CARTESIAN GRADIENT NORM                126.14105



     GRADIENTS FOR GEOMETRY OPTIMIZATION

        I   LOCATION             VARIABLE    GRADIENT



     GRADIENT NORM                            0.00000




 -----------------------------------------------------------------------
 CI CALCULATION FOR STATE:  2
 -----------------------------------------------------------------------

 CI HEAT OF FORMATION       111.25029 KCAL/MOL

 CI DERIVATIVES ARE COMPUTED WITH: 
 NCIO   =       16 NCIC  =        1 ICIMOD =        6 ( GUGA-CI            ) 
 NCIGAM =     9316 NCIFS =        1 NCIES  =        1

  FASTEST AVAILABLE PROFILE ( 67) WITH EXPECTED EXECUTION TIME OF         0.52 SECONDS
 REQUIRES        42583 WORDS OF MEMORY AND            0 WORDS OF DISK SPACE

 SMALLEST AVAILABLE PROFILE ( 67) WITH EXPECTED EXECUTION TIME OF         0.52 SECONDS
 REQUIRES        42583 WORDS OF MEMORY AND            0 WORDS OF DISK SPACE

 SELECTED PROFILE  67 WITH EXPECTED EXECUTION TIME             0.521 SECONDS 
 ESTIMATED NUMBER OF CPHF ITERATIONS PER VARIABLE:    16
 MEMORY REQUIRED    :     42583 WORDS
  SETTING UP TOOK                                 0.000 SECONDS (EXPECTED          0.025)
  INTEGRALS TOOK                                  0.004 SECONDS (EXPECTED          0.482)
  Z-VECTOR RHS TOOK                               0.002 SECONDS (EXPECTED          0.010)
 USING CONSTANT SHIFT VALUE OF -.61773738837229E-01 A.U.
 USING CONSTANT SHIFT VALUE OF -.24991464413929     A.U.
 USING CONSTANT SHIFT VALUE OF -.98475910576247E-01 A.U.
  SHIFT TOOK                                      0.000 SECONDS (EXPECTED          0.001)
  CONDITIONER TOOK                                0.000 SECONDS (EXPECTED          0.000)
 USING LOCALLY ORTHOGONAL GENCG SOLVER.    1 EQUATIONS WILL BE SOLVED AT ONCE. 
   15 BASIS VECTORS WILL BE USED AS A STABILIZATION TRAIL.
 CPHF SOLUTION FOR VARIABLE     0 CONVERGED AFTER    13 ITERATIONS (ERR = 0.769020E-08)
 ITERATIVE SOLVER STATISTICS:
     CALLS TO SOLVER                                                1.
     LINEAR EQUATIONS SOLVED                                        1.
     ITERATIONS MADE                                               13.
     MAXIMUM ITERATIONS MADE FOR A BATCH OF RHS                    13.
     RESPONSE VECTORS COMPUTED                                     13.
     AVERAGE RESPONSE VECTORS PER VARIABLE                  13.0000000
     BASIS VECTORS REJECTED BY SVD                                  0.
     BASIS VECTORS REMOVED DUE TO MEMORY CONSTRAINTS                0.
     MAXIMUM NUMBER OF BASIS VECTORS USED                          13.

     DDOTs COMPUTED                                               455.
     DAXPYs COMPUTED                                              286.
     AUXILIARY LINEAR SYSTEMS SOLVED                               13.
     RESIDUALS CONPUTED                                            26.
     ORTHOGONALIZATION PROBLEMS SOLVED                             12.
     DEFECTIVE ORTHOGONALIZATIONS ENCOUNTERED                       0.
     SVD CALLS MADE                                                 0.
     SVD CUMULATIVE COMPLEXITY                                      0.
     BASIS SPACE COMPACTIONS                                        0.
     BASIS VECTORS REMOVED BY SHARED BASIS CONSTRAINTS              0.
  CPHF SOLUTION TOOK                              0.000 SECONDS (EXPECTED          0.002)
  Z-VECTOR MO TO AO TOOK                          0.000 SECONDS (EXPECTED          0.000)
  SUMMATION TOOK                                  0.001 SECONDS (EXPECTED          0.000)
  TOTAL TIME FOR ANALYTICAL DERIVATIVES           0.007 SECONDS (EXPECTED          0.521)
     TIME FOR GRADIENT EVALUATION     0.007 SECONDS



                          COORDINATES (ANGSTROM)               GRADIENTS (KCAL/(MOL*ANGSTROM))

        I   NI          X           Y           Z                X           Y           Z

        1    6        -5.44851568E+00     -1.24406570E-01     -5.79738160E-01           4.36137989E+01      2.72761029E+01      2.81766885E+01
        2    1        -5.19913464E+00     -4.34461460E-01     -1.59876577E+00           4.87563981E+00      8.65922052E+00      5.84315765E+00
        3    1        -6.24844335E+00     -5.30002710E-01      2.65240900E-02           5.07886761E+00     -1.04841182E+00     -5.94388785E+00
        4    6        -3.98834930E+00      1.69123017E+00      5.06136810E-01           4.37364965E+01      8.11483408E+00     -8.39303136E+00
        5    1        -2.89957532E+00      1.79648060E+00      3.66672730E-01          -2.31192515E+01     -3.07612577E+00      7.00624056E+00
        6    1        -1.08365742E+01      2.28442656E+00      5.42108089E+00           2.10474171E-08      1.62928280E-08      2.49908321E-08
        7    8        -4.56471008E+00      6.80448250E-01     -1.01265090E-01          -7.41855514E+01     -3.99256203E+01     -2.66891671E+01


     CARTESIAN GRADIENT NORM                118.68986



     GRADIENTS FOR GEOMETRY OPTIMIZATION

        I   LOCATION             VARIABLE    GRADIENT



     GRADIENT NORM                            0.00000




 -----------------------------------------------------------------------
 CI CALCULATION FOR STATE:  3
 -----------------------------------------------------------------------

 CI HEAT OF FORMATION       111.25029 KCAL/MOL

 CI DERIVATIVES ARE COMPUTED WITH: 
 NCIO   =       16 NCIC  =        1 ICIMOD =        6 ( GUGA-CI            ) 
 NCIGAM =     9316 NCIFS =        1 NCIES  =        1

  FASTEST AVAILABLE PROFILE ( 67) WITH EXPECTED EXECUTION TIME OF         0.52 SECONDS
 REQUIRES        42583 WORDS OF MEMORY AND            0 WORDS OF DISK SPACE

 SMALLEST AVAILABLE PROFILE ( 67) WITH EXPECTED EXECUTION TIME OF         0.52 SECONDS
 REQUIRES        42583 WORDS OF MEMORY AND            0 WORDS OF DISK SPACE

 SELECTED PROFILE  67 WITH EXPECTED EXECUTION TIME             0.521 SECONDS 
 ESTIMATED NUMBER OF CPHF ITERATIONS PER VARIABLE:    16
 MEMORY REQUIRED    :     42583 WORDS
  SETTING UP TOOK                                 0.000 SECONDS (EXPECTED          0.025)
  INTEGRALS TOOK                                  0.004 SECONDS (EXPECTED          0.482)
  Z-VECTOR RHS TOOK                               0.002 SECONDS (EXPECTED          0.010)
 USING CONSTANT SHIFT VALUE OF -.61773738837229E-01 A.U.
 USING CONSTANT SHIFT VALUE OF -.24991464413929     A.U.
 USING CONSTANT SHIFT VALUE OF -.98475910576247E-01 A.U.
  SHIFT TOOK                                      0.000 SECONDS (EXPECTED          0.001)
  CONDITIONER TOOK                                0.000 SECONDS (EXPECTED          0.000)
 USING LOCALLY ORTHOGONAL GENCG SOLVER.    1 EQUATIONS WILL BE SOLVED AT ONCE. 
   15 BASIS VECTORS WILL BE USED AS A STABILIZATION TRAIL.
 CPHF SOLUTION FOR VARIABLE     0 CONVERGED AFTER    14 ITERATIONS (ERR = 0.150446E-08)
 ITERATIVE SOLVER STATISTICS:
     CALLS TO SOLVER                                                1.
     LINEAR EQUATIONS SOLVED                                        1.
     ITERATIONS MADE                                               14.
     MAXIMUM ITERATIONS MADE FOR A BATCH OF RHS                    14.
     RESPONSE VECTORS COMPUTED                                     14.
     AVERAGE RESPONSE VECTORS PER VARIABLE                  14.0000000
     BASIS VECTORS REJECTED BY SVD                                  0.
     BASIS VECTORS REMOVED DUE TO MEMORY CONSTRAINTS                0.
     MAXIMUM NUMBER OF BASIS VECTORS USED                          14.

     DDOTs COMPUTED                                               525.
     DAXPYs COMPUTED                                              329.
     AUXILIARY LINEAR SYSTEMS SOLVED                               14.
     RESIDUALS CONPUTED                                            28.
     ORTHOGONALIZATION PROBLEMS SOLVED                             13.
     DEFECTIVE ORTHOGONALIZATIONS ENCOUNTERED                       0.
     SVD CALLS MADE                                                 0.
     SVD CUMULATIVE COMPLEXITY                                      0.
     BASIS SPACE COMPACTIONS                                        0.
     BASIS VECTORS REMOVED BY SHARED BASIS CONSTRAINTS              0.
  CPHF SOLUTION TOOK                              0.000 SECONDS (EXPECTED          0.002)
  Z-VECTOR MO TO AO TOOK                          0.000 SECONDS (EXPECTED          0.000)
  SUMMATION TOOK                                  0.001 SECONDS (EXPECTED          0.000)
  TOTAL TIME FOR ANALYTICAL DERIVATIVES           0.008 SECONDS (EXPECTED          0.521)
     TIME FOR GRADIENT EVALUATION     0.008 SECONDS



                          COORDINATES (ANGSTROM)               GRADIENTS (KCAL/(MOL*ANGSTROM))

        I   NI          X           Y           Z                X           Y           Z

        1    6        -5.44851568E+00     -1.24406570E-01     -5.79738160E-01           2.71499666E+01      4.27739575E+01      1.96746754E+01
        2    1        -5.19913464E+00     -4.34461460E-01     -1.59876577E+00           2.31012242E+01      3.42301990E+00      3.31097852E+01
        3    1        -6.24844335E+00     -5.30002710E-01      2.65240900E-02           2.16871820E+01      2.25077977E+01     -1.01766643E+01
        4    6        -3.98834930E+00      1.69123017E+00      5.06136810E-01           4.29931654E+01     -2.68460315E+01      2.78317115E+01
        5    1        -2.89957532E+00      1.79648060E+00      3.66672730E-01          -3.96705794E+01      1.12123328E+01     -1.92436590E+01
        6    1        -1.08365742E+01      2.28442656E+00      5.42108089E+00           2.63319202E-08      3.20816716E-08      2.45945265E-08
        7    8        -4.56471008E+00      6.80448250E-01     -1.01265090E-01          -7.52609585E+01     -5.30710765E+01     -5.11958488E+01


     CARTESIAN GRADIENT NORM                148.96727



     GRADIENTS FOR GEOMETRY OPTIMIZATION

        I   LOCATION             VARIABLE    GRADIENT



     GRADIENT NORM                            0.00000





 TIME FOR MULTIPLE CI RUNS        0.701 SECONDS


 -----------------------------------------------------------------------
 SUMMARY OF MULTIPLE CI CALCULATIONS

                                  CARTESIAN    OPTIMIZING
    I  STATE           ENERGY       QM NORM          NORM

    1    1           1.11250291E+02      1.26141045E+02      0.00000000E+00
    2    2           1.44266701E+02      1.18689859E+02      0.00000000E+00
    3    3           1.54743131E+02      1.48967269E+02      0.00000000E+00
 -----------------------------------------------------------------------




 -----------------------------------------------------------------------
 CI CALCULATION FOR INTERSTATE COUPLING OF STATES:  2   1
 -----------------------------------------------------------------------

 CI HEAT OF FORMATION       111.25029 KCAL/MOL

 CI DERIVATIVES ARE COMPUTED WITH: 
 NCIO   =       16 NCIC  =        1 ICIMOD =        6 ( GUGA-CI            ) 
 NCIGAM =     9316 NCIFS =        1 NCIES  =        1

  FASTEST AVAILABLE PROFILE ( 67) WITH EXPECTED EXECUTION TIME OF         0.52 SECONDS
 REQUIRES        42583 WORDS OF MEMORY AND            0 WORDS OF DISK SPACE

 SMALLEST AVAILABLE PROFILE ( 67) WITH EXPECTED EXECUTION TIME OF         0.52 SECONDS
 REQUIRES        42583 WORDS OF MEMORY AND            0 WORDS OF DISK SPACE

 SELECTED PROFILE  67 WITH EXPECTED EXECUTION TIME             0.521 SECONDS 
 ESTIMATED NUMBER OF CPHF ITERATIONS PER VARIABLE:    16
 MEMORY REQUIRED    :     42583 WORDS
  SETTING UP TOOK                                 0.000 SECONDS (EXPECTED          0.025)
  INTEGRALS TOOK                                  0.004 SECONDS (EXPECTED          0.482)
  Z-VECTOR RHS TOOK                               0.002 SECONDS (EXPECTED          0.010)
 USING CONSTANT SHIFT VALUE OF -.61773738837229E-01 A.U.
 USING CONSTANT SHIFT VALUE OF -.24991464413929     A.U.
 USING CONSTANT SHIFT VALUE OF -.98475910576247E-01 A.U.
  SHIFT TOOK                                      0.000 SECONDS (EXPECTED          0.001)
  CONDITIONER TOOK                                0.000 SECONDS (EXPECTED          0.000)
 USING LOCALLY ORTHOGONAL GENCG SOLVER.    1 EQUATIONS WILL BE SOLVED AT ONCE. 
   15 BASIS VECTORS WILL BE USED AS A STABILIZATION TRAIL.
 CPHF SOLUTION FOR VARIABLE     0 CONVERGED AFTER    13 ITERATIONS (ERR = 0.709443E-08)
 ITERATIVE SOLVER STATISTICS:
     CALLS TO SOLVER                                                1.
     LINEAR EQUATIONS SOLVED                                        1.
     ITERATIONS MADE                                               13.
     MAXIMUM ITERATIONS MADE FOR A BATCH OF RHS                    13.
     RESPONSE VECTORS COMPUTED                                     13.
     AVERAGE RESPONSE VECTORS PER VARIABLE                  13.0000000
     BASIS VECTORS REJECTED BY SVD                                  0.
     BASIS VECTORS REMOVED DUE TO MEMORY CONSTRAINTS                0.
     MAXIMUM NUMBER OF BASIS VECTORS USED                          13.

     DDOTs COMPUTED                                               455.
     DAXPYs COMPUTED                                              286.
     AUXILIARY LINEAR SYSTEMS SOLVED                               13.
     RESIDUALS CONPUTED                                            26.
     ORTHOGONALIZATION PROBLEMS SOLVED                             12.
     DEFECTIVE ORTHOGONALIZATIONS ENCOUNTERED                       0.
     SVD CALLS MADE                                                 0.
     SVD CUMULATIVE COMPLEXITY                                      0.
     BASIS SPACE COMPACTIONS                                        0.
     BASIS VECTORS REMOVED BY SHARED BASIS CONSTRAINTS              0.
  CPHF SOLUTION TOOK                              0.000 SECONDS (EXPECTED          0.002)
  Z-VECTOR MO TO AO TOOK                          0.000 SECONDS (EXPECTED          0.000)
  SUMMATION TOOK                                  0.001 SECONDS (EXPECTED          0.000)
  TOTAL TIME FOR ANALYTICAL DERIVATIVES           0.007 SECONDS (EXPECTED          0.521)



 NON-ADIABATIC COUPLING MATRIX ELEMENTS.

 FIRST TERM.

    1     -3.25480033E-01     -6.22743643E-02     -1.50154389E-01
    2      9.66748358E-02     -9.50448235E-02      4.96447615E-02
    3      5.30848233E-02     -1.45752768E-01      8.73989157E-02
    4     -6.02389077E-01      3.01888116E-01      4.54137026E-01
    5      5.54943567E-01     -2.60858778E-01     -1.82728297E-01
    6     -2.63443219E-12     -1.51483966E-12     -3.23288049E-14
    7      2.23165884E-01      2.62042618E-01     -2.58298017E-01

 FIRST TERM PLUS SECOND TERM, FIRST PART.

    1     -5.67217084E-01     -5.10621251E-01     -3.09973115E-01
    2      7.34489878E-02     -1.23960136E-01     -3.16390857E-02
    3     -5.39425091E-02     -1.19249653E-02      3.23306880E-02
    4     -8.25245978E-01      4.96843976E-01      7.09359815E-01
    5      6.46233535E-01     -2.76529691E-01     -4.19610988E-01
    6     -4.03037270E-12      6.77875583E-16      9.96080449E-13
    7      7.26723049E-01      4.26192067E-01      1.95326849E-02

 SECOND TERM, SECOND PART.

    1     -6.99087521E-02     -1.77028090E-02      9.28414635E-02
    2      6.82118635E-03     -1.22248755E-02     -8.00361964E-03
    3     -4.77411481E-02     -2.05659516E-02     -1.46587092E-02
    4      6.85430225E-03      1.49541969E-03      8.25031403E-03
    5     -8.60629700E-03      4.66523040E-03     -9.03512247E-03
    6      1.46224132E-11      3.85133425E-13      6.47417491E-12
    7      1.13992911E-01     -1.28802812E-01      6.55484608E-02

 COMPLETE EXPRESSION.

    1     -6.37125836E-01     -5.28324060E-01     -2.17131651E-01
    2      8.02701742E-02     -1.36185011E-01     -3.96427054E-02
    3     -1.01683657E-01     -3.24909169E-02      1.76719787E-02
    4     -8.18391676E-01      4.98339395E-01      7.17610130E-01
    5      6.37627238E-01     -2.71864460E-01     -4.28646110E-01
    6      1.05920405E-11      3.85811300E-13      7.47025536E-12
    7      8.40715960E-01      2.97389255E-01      8.50811457E-02



     TIME FOR GRADIENT EVALUATION     0.012 SECONDS



                          COORDINATES (ANGSTROM)               GRADIENTS (KCAL/(MOL*ANGSTROM))

        I   NI          X           Y           Z                X           Y           Z

        1    6        -5.44851568E+00     -1.24406570E-01     -5.79738160E-01          -6.37125836E-01     -5.28324060E-01     -2.17131651E-01
        2    1        -5.19913464E+00     -4.34461460E-01     -1.59876577E+00           8.02701742E-02     -1.36185011E-01     -3.96427054E-02
        3    1        -6.24844335E+00     -5.30002710E-01      2.65240900E-02          -1.01683657E-01     -3.24909169E-02      1.76719787E-02
        4    6        -3.98834930E+00      1.69123017E+00      5.06136810E-01          -8.18391676E-01      4.98339395E-01      7.17610130E-01
        5    1        -2.89957532E+00      1.79648060E+00      3.66672730E-01           6.37627238E-01     -2.71864460E-01     -4.28646110E-01
        6    1        -1.08365742E+01      2.28442656E+00      5.42108089E+00           1.05920405E-11      3.85811300E-13      7.47025536E-12
        7    8        -4.56471008E+00      6.80448250E-01     -1.01265090E-01           8.40715960E-01      2.97389255E-01      8.50811457E-02


     CARTESIAN GRADIENT NORM                  1.91579



     GRADIENTS FOR GEOMETRY OPTIMIZATION

        I   LOCATION             VARIABLE    GRADIENT



     GRADIENT NORM                            0.00000




 -----------------------------------------------------------------------
 CI CALCULATION FOR INTERSTATE COUPLING OF STATES:  3   1
 -----------------------------------------------------------------------

 CI HEAT OF FORMATION       111.25029 KCAL/MOL

 CI DERIVATIVES ARE COMPUTED WITH: 
 NCIO   =       16 NCIC  =        1 ICIMOD =        6 ( GUGA-CI            ) 
 NCIGAM =     9316 NCIFS =        1 NCIES  =        1

  FASTEST AVAILABLE PROFILE ( 67) WITH EXPECTED EXECUTION TIME OF         0.52 SECONDS
 REQUIRES        42583 WORDS OF MEMORY AND            0 WORDS OF DISK SPACE

 SMALLEST AVAILABLE PROFILE ( 67) WITH EXPECTED EXECUTION TIME OF         0.52 SECONDS
 REQUIRES        42583 WORDS OF MEMORY AND            0 WORDS OF DISK SPACE

 SELECTED PROFILE  67 WITH EXPECTED EXECUTION TIME             0.521 SECONDS 
 ESTIMATED NUMBER OF CPHF ITERATIONS PER VARIABLE:    16
 MEMORY REQUIRED    :     42583 WORDS
  SETTING UP TOOK                                 0.000 SECONDS (EXPECTED          0.025)
  INTEGRALS TOOK                                  0.004 SECONDS (EXPECTED          0.482)
  Z-VECTOR RHS TOOK                               0.002 SECONDS (EXPECTED          0.010)
 USING CONSTANT SHIFT VALUE OF -.61773738837229E-01 A.U.
 USING CONSTANT SHIFT VALUE OF -.24991464413929     A.U.
 USING CONSTANT SHIFT VALUE OF -.98475910576247E-01 A.U.
  SHIFT TOOK                                      0.000 SECONDS (EXPECTED          0.001)
  CONDITIONER TOOK                                0.000 SECONDS (EXPECTED          0.000)
 USING LOCALLY ORTHOGONAL GENCG SOLVER.    1 EQUATIONS WILL BE SOLVED AT ONCE. 
   15 BASIS VECTORS WILL BE USED AS A STABILIZATION TRAIL.
 CPHF SOLUTION FOR VARIABLE     0 CONVERGED AFTER    13 ITERATIONS (ERR = 0.824122E-08)
 ITERATIVE SOLVER STATISTICS:
     CALLS TO SOLVER                                                1.
     LINEAR EQUATIONS SOLVED                                        1.
     ITERATIONS MADE                                               13.
     MAXIMUM ITERATIONS MADE FOR A BATCH OF RHS                    13.
     RESPONSE VECTORS COMPUTED                                     13.
     AVERAGE RESPONSE VECTORS PER VARIABLE                  13.0000000
     BASIS VECTORS REJECTED BY SVD                                  0.
     BASIS VECTORS REMOVED DUE TO MEMORY CONSTRAINTS                0.
     MAXIMUM NUMBER OF BASIS VECTORS USED                          13.

     DDOTs COMPUTED                                               455.
     DAXPYs COMPUTED                                              286.
     AUXILIARY LINEAR SYSTEMS SOLVED                               13.
     RESIDUALS CONPUTED                                            26.
     ORTHOGONALIZATION PROBLEMS SOLVED                             12.
     DEFECTIVE ORTHOGONALIZATIONS ENCOUNTERED                       0.
     SVD CALLS MADE                                                 0.
     SVD CUMULATIVE COMPLEXITY                                      0.
     BASIS SPACE COMPACTIONS                                        0.
     BASIS VECTORS REMOVED BY SHARED BASIS CONSTRAINTS              0.
  CPHF SOLUTION TOOK                              0.000 SECONDS (EXPECTED          0.002)
  Z-VECTOR MO TO AO TOOK                          0.000 SECONDS (EXPECTED          0.000)
  SUMMATION TOOK                                  0.001 SECONDS (EXPECTED          0.000)
  TOTAL TIME FOR ANALYTICAL DERIVATIVES           0.007 SECONDS (EXPECTED          0.521)



 NON-ADIABATIC COUPLING MATRIX ELEMENTS.

 FIRST TERM.

    1      2.25269697E-01     -3.89830457E-01      2.48508003E-01
    2     -1.46467081E-01      1.42255052E-01     -2.29662574E-01
    3     -2.33808436E-01      2.96972216E-01     -1.40105009E-01
    4     -2.32868014E-01      1.44995352E-01      1.22365545E-01
    5     -1.12541551E-01      3.97560315E-02     -2.07147362E-01
    6      9.65461788E-13      1.23039720E-12     -1.69451173E-12
    7      5.00415385E-01     -2.34148194E-01      2.06041396E-01

 FIRST TERM PLUS SECOND TERM, FIRST PART.

    1      3.58749910E-01     -9.13658526E-01      9.24470858E-01
    2     -1.91736551E-01      5.14903370E-01      3.88834437E-02
    3     -3.66785553E-01      3.55385179E-01     -1.98115575E-01
    4     -5.24858545E-01      6.55514057E-01      2.39062687E-02
    5     -2.37250847E-01     -3.50200239E-01      5.68442504E-02
    6     -8.55194867E-13     -2.38497149E-13     -7.21077368E-13
    7      9.61881586E-01     -2.61943840E-01     -8.45989245E-01

 SECOND TERM, SECOND PART.

    1      2.13589112E-03     -9.43468908E-03     -5.41843774E-02
    2     -1.13037562E-03     -1.50874296E-02      1.03539428E-02
    3     -2.11611572E-02      1.06120324E-02      1.22469315E-02
    4     -3.82647128E-03     -3.06951127E-03      6.94160663E-03
    5     -5.27968884E-03     -2.06821972E-02      1.95931820E-02
    6     -1.77446383E-11      1.77220296E-11      2.60832738E-11
    7      1.29509504E-01      1.50452562E-01     -1.71388283E-01

 COMPLETE EXPRESSION.

    1      3.60885801E-01     -9.23093215E-01      8.70286480E-01
    2     -1.92866927E-01      4.99815941E-01      4.92373865E-02
    3     -3.87946710E-01      3.65997211E-01     -1.85868643E-01
    4     -5.28685016E-01      6.52444546E-01      3.08478753E-02
    5     -2.42530536E-01     -3.70882436E-01      7.64374324E-02
    6     -1.85998331E-11      1.74835324E-11      2.53621964E-11
    7      1.09139109E+00     -1.11491278E-01     -1.01737753E+00



     TIME FOR GRADIENT EVALUATION     0.012 SECONDS



                          COORDINATES (ANGSTROM)               GRADIENTS (KCAL/(MOL*ANGSTROM))

        I   NI          X           Y           Z                X           Y           Z

        1    6        -5.44851568E+00     -1.24406570E-01     -5.79738160E-01           3.60885801E-01     -9.23093215E-01      8.70286480E-01
        2    1        -5.19913464E+00     -4.34461460E-01     -1.59876577E+00          -1.92866927E-01      4.99815941E-01      4.92373865E-02
        3    1        -6.24844335E+00     -5.30002710E-01      2.65240900E-02          -3.87946710E-01      3.65997211E-01     -1.85868643E-01
        4    6        -3.98834930E+00      1.69123017E+00      5.06136810E-01          -5.28685016E-01      6.52444546E-01      3.08478753E-02
        5    1        -2.89957532E+00      1.79648060E+00      3.66672730E-01          -2.42530536E-01     -3.70882436E-01      7.64374324E-02
        6    1        -1.08365742E+01      2.28442656E+00      5.42108089E+00          -1.85998331E-11      1.74835324E-11      2.53621964E-11
        7    8        -4.56471008E+00      6.80448250E-01     -1.01265090E-01           1.09139109E+00     -1.11491278E-01     -1.01737753E+00


     CARTESIAN GRADIENT NORM                  2.34418



     GRADIENTS FOR GEOMETRY OPTIMIZATION

        I   LOCATION             VARIABLE    GRADIENT



     GRADIENT NORM                            0.00000




 -----------------------------------------------------------------------
 CI CALCULATION FOR INTERSTATE COUPLING OF STATES:  3   2
 -----------------------------------------------------------------------

 CI HEAT OF FORMATION       111.25029 KCAL/MOL

 CI DERIVATIVES ARE COMPUTED WITH: 
 NCIO   =       16 NCIC  =        1 ICIMOD =        6 ( GUGA-CI            ) 
 NCIGAM =     9316 NCIFS =        1 NCIES  =        1

  FASTEST AVAILABLE PROFILE ( 67) WITH EXPECTED EXECUTION TIME OF         0.52 SECONDS
 REQUIRES        42583 WORDS OF MEMORY AND            0 WORDS OF DISK SPACE

 SMALLEST AVAILABLE PROFILE ( 67) WITH EXPECTED EXECUTION TIME OF         0.52 SECONDS
 REQUIRES        42583 WORDS OF MEMORY AND            0 WORDS OF DISK SPACE

 SELECTED PROFILE  67 WITH EXPECTED EXECUTION TIME             0.521 SECONDS 
 ESTIMATED NUMBER OF CPHF ITERATIONS PER VARIABLE:    16
 MEMORY REQUIRED    :     42583 WORDS
  SETTING UP TOOK                                 0.000 SECONDS (EXPECTED          0.025)
  INTEGRALS TOOK                                  0.004 SECONDS (EXPECTED          0.482)
  Z-VECTOR RHS TOOK                               0.002 SECONDS (EXPECTED          0.010)
 USING CONSTANT SHIFT VALUE OF -.61773738837229E-01 A.U.
 USING CONSTANT SHIFT VALUE OF -.24991464413929     A.U.
 USING CONSTANT SHIFT VALUE OF -.98475910576247E-01 A.U.
  SHIFT TOOK                                      0.000 SECONDS (EXPECTED          0.001)
  CONDITIONER TOOK                                0.000 SECONDS (EXPECTED          0.000)
 USING LOCALLY ORTHOGONAL GENCG SOLVER.    1 EQUATIONS WILL BE SOLVED AT ONCE. 
   15 BASIS VECTORS WILL BE USED AS A STABILIZATION TRAIL.
 CPHF SOLUTION FOR VARIABLE     0 CONVERGED AFTER    13 ITERATIONS (ERR = 0.833357E-08)
 ITERATIVE SOLVER STATISTICS:
     CALLS TO SOLVER                                                1.
     LINEAR EQUATIONS SOLVED                                        1.
     ITERATIONS MADE                                               13.
     MAXIMUM ITERATIONS MADE FOR A BATCH OF RHS                    13.
     RESPONSE VECTORS COMPUTED                                     13.
     AVERAGE RESPONSE VECTORS PER VARIABLE                  13.0000000
     BASIS VECTORS REJECTED BY SVD                                  0.
     BASIS VECTORS REMOVED DUE TO MEMORY CONSTRAINTS                0.
     MAXIMUM NUMBER OF BASIS VECTORS USED                          13.

     DDOTs COMPUTED                                               455.
     DAXPYs COMPUTED                                              286.
     AUXILIARY LINEAR SYSTEMS SOLVED                               13.
     RESIDUALS CONPUTED                                            26.
     ORTHOGONALIZATION PROBLEMS SOLVED                             12.
     DEFECTIVE ORTHOGONALIZATIONS ENCOUNTERED                       0.
     SVD CALLS MADE                                                 0.
     SVD CUMULATIVE COMPLEXITY                                      0.
     BASIS SPACE COMPACTIONS                                        0.
     BASIS VECTORS REMOVED BY SHARED BASIS CONSTRAINTS              0.
  CPHF SOLUTION TOOK                              0.000 SECONDS (EXPECTED          0.002)
  Z-VECTOR MO TO AO TOOK                          0.000 SECONDS (EXPECTED          0.000)
  SUMMATION TOOK                                  0.001 SECONDS (EXPECTED          0.000)
  TOTAL TIME FOR ANALYTICAL DERIVATIVES           0.007 SECONDS (EXPECTED          0.521)



 NON-ADIABATIC COUPLING MATRIX ELEMENTS.

 FIRST TERM.

    1     -3.94778767E-01      2.41592140E+00      3.51188233E-01
    2      8.50022583E-01      2.25037817E-01      2.02629620E+00
    3      1.13615757E+00     -1.68110645E+00      8.80266879E-01
    4      3.46651145E-01      2.10486731E+00      1.02775458E+00
    5      7.81187373E-01     -1.53065993E+00      1.27497190E+00
    6      6.96290466E-12      1.31738380E-11      9.72665347E-12
    7     -2.71923990E+00     -1.53406014E+00     -5.56047780E+00

 FIRST TERM PLUS SECOND TERM, FIRST PART.

    1      1.03477940E+00     -5.13763791E-01     -4.62432764E-01
    2     -7.46489449E-01      5.31195663E-01     -5.44248728E-01
    3     -2.53262589E-01      6.40803400E-01     -2.72481508E-01
    4     -2.79170277E-01      1.31137142E+00     -1.85673399E-01
    5     -5.50762250E-02      6.34180307E-02     -4.36554793E-01
    6      1.94588951E-11      1.07438382E-11     -7.89797681E-12
    7      2.99219135E-01     -2.03302472E+00      1.90139119E+00

 SECOND TERM, SECOND PART.

    1     -6.87519855E-03      3.67787843E-02      1.55954025E-02
    2      1.46952750E-03      2.32312404E-03     -8.46454811E-03
    3     -9.01227163E-03     -4.66765514E-04      1.54456155E-03
    4      2.16713431E-02     -3.60897440E-02      3.17108305E-02
    5      8.01698628E-04     -1.90654096E-03      2.62453126E-03
    6      4.14750970E-12     -1.32141890E-11      6.50072795E-13
    7     -1.13999180E-01     -3.41725435E-02      5.27740795E-02

 COMPLETE EXPRESSION.

    1      1.02790421E+00     -4.76985006E-01     -4.46837361E-01
    2     -7.45019921E-01      5.33518787E-01     -5.52713276E-01
    3     -2.62274861E-01      6.40336634E-01     -2.70936947E-01
    4     -2.57498934E-01      1.27528168E+00     -1.53962569E-01
    5     -5.42745263E-02      6.15114897E-02     -4.33930261E-01
    6      2.36064048E-11     -2.47035081E-12     -7.24790401E-12
    7      1.85219955E-01     -2.06719727E+00      1.95416527E+00



     TIME FOR GRADIENT EVALUATION     0.012 SECONDS



                          COORDINATES (ANGSTROM)               GRADIENTS (KCAL/(MOL*ANGSTROM))

        I   NI          X           Y           Z                X           Y           Z

        1    6        -5.44851568E+00     -1.24406570E-01     -5.79738160E-01           1.02790421E+00     -4.76985006E-01     -4.46837361E-01
        2    1        -5.19913464E+00     -4.34461460E-01     -1.59876577E+00          -7.45019921E-01      5.33518787E-01     -5.52713276E-01
        3    1        -6.24844335E+00     -5.30002710E-01      2.65240900E-02          -2.62274861E-01      6.40336634E-01     -2.70936947E-01
        4    6        -3.98834930E+00      1.69123017E+00      5.06136810E-01          -2.57498934E-01      1.27528168E+00     -1.53962569E-01
        5    1        -2.89957532E+00      1.79648060E+00      3.66672730E-01          -5.42745263E-02      6.15114897E-02     -4.33930261E-01
        6    1        -1.08365742E+01      2.28442656E+00      5.42108089E+00           2.36064048E-11     -2.47035081E-12     -7.24790401E-12
        7    8        -4.56471008E+00      6.80448250E-01     -1.01265090E-01           1.85219955E-01     -2.06719727E+00      1.95416527E+00


     CARTESIAN GRADIENT NORM                  3.63578



     GRADIENTS FOR GEOMETRY OPTIMIZATION

        I   LOCATION             VARIABLE    GRADIENT



     GRADIENT NORM                            0.00000





 TIME FOR INTERSTATE CI RUNS       0.149 SECONDS


 -----------------------------------------------------------------------
 SUMMARY OF INTERSTATE COUPLING CALCULATIONS

         STATES                   CARTESIAN    OPTIMIZING
   IJ    I    J                     QM NORM          NORM

    1    2    1                     1.91579       0.00000
    2    3    1                     2.34418       0.00000
    3    3    2                     3.63578       0.00000
 -----------------------------------------------------------------------



 COMPUTATION TIME                 0.852 SECONDS


